Using pre-set license
Built from '2020.3/staging' branch; Version is '2020.3.6f1 (338bb68529b2) revision 3378102'; Using compiler version '192528614'; Build Type 'Release'
OS: 'Windows 10 Home; OS build 19042.1052; Version 2009; 64bit' Language: 'ja' Physical Memory: 16227 MB
BatchMode: 1, IsHumanControllingUs: 0, StartBugReporterOnCrash: 0, Is64bit: 1, IsPro: 0

 COMMAND LINE ARGUMENTS:
C:\Program Files\Unity\Hub\Editor\2020.3.6f1\Editor\Unity.exe
-adb2
-batchMode
-noUpm
-name
AssetImportWorker0
-projectPath
C:/Users/vantan/Desktop/unity games/2ndYaer ensyuu
-logFile
Logs/AssetImportWorker0.log
-srvPort
63178
Successfully changed project path to: C:/Users/vantan/Desktop/unity games/2ndYaer ensyuu
C:/Users/vantan/Desktop/unity games/2ndYaer ensyuu
Using Asset Import Pipeline V2.
Refreshing native plugins compatible for Editor in 80.02 ms, found 0 plugins.
Preloading 0 native plugins for Editor in 0.00 ms.
Initialize engine version: 2020.3.6f1 (338bb68529b2)
[Subsystems] Discovering subsystems at path C:/Program Files/Unity/Hub/Editor/2020.3.6f1/Editor/Data/Resources/UnitySubsystems
[Subsystems] Discovering subsystems at path C:/Users/vantan/Desktop/unity games/2ndYaer ensyuu/Assets
GfxDevice: creating device client; threaded=0
Direct3D:
    Version:  Direct3D 11.0 [level 11.1]
    Renderer: NVIDIA GeForce GTX 1650 (ID=0x1f91)
    Vendor:   
    VRAM:     3962 MB
    Driver:   26.21.14.4223
Initialize mono
Mono path[0] = 'C:/Program Files/Unity/Hub/Editor/2020.3.6f1/Editor/Data/Managed'
Mono path[1] = 'C:/Program Files/Unity/Hub/Editor/2020.3.6f1/Editor/Data/MonoBleedingEdge/lib/mono/unityjit'
Mono config path = 'C:/Program Files/Unity/Hub/Editor/2020.3.6f1/Editor/Data/MonoBleedingEdge/etc'
Using monoOptions --debugger-agent=transport=dt_socket,embedding=1,server=y,suspend=n,address=127.0.0.1:56564
Begin MonoManager ReloadAssembly
Registering precompiled unity dll's ...
Register platform support module: C:/Program Files/Unity/Hub/Editor/2020.3.6f1/Editor/Data/PlaybackEngines/WindowsStandaloneSupport/UnityEditor.WindowsStandalone.Extensions.dll
Registered in 0.004845 seconds.
Native extension for WindowsStandalone target not found
Refreshing native plugins compatible for Editor in 59.34 ms, found 0 plugins.
Preloading 0 native plugins for Editor in 0.00 ms.
Mono: successfully reloaded assembly
- Completed reload, in  2.657 seconds
Platform modules already initialized, skipping
Registering precompiled user dll's ...
Registered in 0.001667 seconds.
Begin MonoManager ReloadAssembly
Native extension for WindowsStandalone target not found
Refreshing native plugins compatible for Editor in 0.44 ms, found 0 plugins.
Preloading 0 native plugins for Editor in 0.00 ms.
Mono: successfully reloaded assembly
- Completed reload, in  1.962 seconds
Platform modules already initialized, skipping
========================================================================
Worker process is ready to serve import requests
Launched and connected shader compiler UnityShaderCompiler.exe after 0.11 seconds
Refreshing native plugins compatible for Editor in 0.35 ms, found 0 plugins.
Preloading 0 native plugins for Editor in 0.00 ms.
Unloading 1123 Unused Serialized files (Serialized files now loaded: 0)
System memory in use before: 60.3 MB.
System memory in use after: 60.4 MB.

Unloading 9 unused Assets to reduce memory usage. Loaded Objects now: 1568.
Total: 3.631100 ms (FindLiveObjects: 0.270500 ms CreateObjectMapping: 0.093900 ms MarkObjects: 3.118200 ms  DeleteObjects: 0.146100 ms)

========================================================================
Received Import Request.
  path: Assets/Scenes/MinesweeperEasy_Profiles
  artifactKey: Guid(b3b5755f9457c37438c9612462ece83b) Importer(815301076,1909f56bfc062723c751e8b465ee728b)
Start importing Assets/Scenes/MinesweeperEasy_Profiles using Guid(b3b5755f9457c37438c9612462ece83b) Importer(815301076,1909f56bfc062723c751e8b465ee728b)  -> (artifact id: 'f0438f62223e5118f0b81a7175ce1e7d') in 0.021402 seconds
  Import took 0.027346 seconds .

========================================================================
Received Import Request.
  Time since last request: 5.088286 seconds.
  path: Assets/Scenes/Title.unity
  artifactKey: Guid(8eee3e13bd6500b48801478685e84d9f) Importer(815301076,1909f56bfc062723c751e8b465ee728b)
Start importing Assets/Scenes/Title.unity using Guid(8eee3e13bd6500b48801478685e84d9f) Importer(815301076,1909f56bfc062723c751e8b465ee728b)  -> (artifact id: 'bb95025d4e23607909eb864ec6046337') in 0.024703 seconds
  Import took 0.028147 seconds .

========================================================================
Received Prepare
Registering precompiled user dll's ...
Registered in 0.001778 seconds.
Begin MonoManager ReloadAssembly
Native extension for WindowsStandalone target not found
Refreshing native plugins compatible for Editor in 0.37 ms, found 0 plugins.
Preloading 0 native plugins for Editor in 0.00 ms.
Mono: successfully reloaded assembly
- Completed reload, in  1.629 seconds
Platform modules already initialized, skipping
Refreshing native plugins compatible for Editor in 0.33 ms, found 0 plugins.
Preloading 0 native plugins for Editor in 0.00 ms.
Unloading 1118 Unused Serialized files (Serialized files now loaded: 0)
System memory in use before: 60.3 MB.
System memory in use after: 60.4 MB.

Unloading 4 unused Assets to reduce memory usage. Loaded Objects now: 1571.
Total: 3.068700 ms (FindLiveObjects: 0.232300 ms CreateObjectMapping: 0.084000 ms MarkObjects: 2.728800 ms  DeleteObjects: 0.021800 ms)

========================================================================
Received Prepare
Registering precompiled user dll's ...
Registered in 0.001530 seconds.
Begin MonoManager ReloadAssembly
Native extension for WindowsStandalone target not found
Refreshing native plugins compatible for Editor in 0.42 ms, found 0 plugins.
Preloading 0 native plugins for Editor in 0.00 ms.
Mono: successfully reloaded assembly
- Completed reload, in  1.919 seconds
Platform modules already initialized, skipping
Refreshing native plugins compatible for Editor in 0.51 ms, found 0 plugins.
Preloading 0 native plugins for Editor in 0.00 ms.
Unloading 1118 Unused Serialized files (Serialized files now loaded: 0)
System memory in use before: 60.3 MB.
System memory in use after: 60.4 MB.

Unloading 4 unused Assets to reduce memory usage. Loaded Objects now: 1574.
Total: 2.782900 ms (FindLiveObjects: 0.191000 ms CreateObjectMapping: 0.075800 ms MarkObjects: 2.484600 ms  DeleteObjects: 0.029100 ms)

========================================================================
Received Import Request.
  Time since last request: 474.123833 seconds.
  path: Assets/Scenes/MinesweeperEasy.unity
  artifactKey: Guid(fd7203c7deba5894b8126ec01c7a6075) Importer(815301076,1909f56bfc062723c751e8b465ee728b)
Start importing Assets/Scenes/MinesweeperEasy.unity using Guid(fd7203c7deba5894b8126ec01c7a6075) Importer(815301076,1909f56bfc062723c751e8b465ee728b)  -> (artifact id: 'cbbd241d1b80ad62ffaa70359ab76528') in 0.023434 seconds
  Import took 0.026914 seconds .

